c:\users\samsung\documents\visual studio 2013\projects\szyfrowanie des\asemberdes\debug\encrypt.obj
c:\users\samsung\documents\visual studio 2013\projects\szyfrowanie des\debug\asemberdes.lib
c:\users\samsung\documents\visual studio 2013\projects\szyfrowanie des\debug\asemberdes.exp
c:\users\samsung\documents\visual studio 2013\projects\szyfrowanie des\asemberdes\debug\asemberdes.pch
c:\users\samsung\documents\visual studio 2013\projects\szyfrowanie des\asemberdes\debug\vc120.pdb
c:\users\samsung\documents\visual studio 2013\projects\szyfrowanie des\asemberdes\debug\stdafx.obj
c:\users\samsung\documents\visual studio 2013\projects\szyfrowanie des\asemberdes\debug\asemberdes.obj
c:\users\samsung\documents\visual studio 2013\projects\szyfrowanie des\asemberdes\debug\dllmain.obj
c:\users\samsung\documents\visual studio 2013\projects\szyfrowanie des\asemberdes\debug\.netframework,version=v4.0.assemblyattributes.obj
c:\users\samsung\documents\visual studio 2013\projects\szyfrowanie des\debug\asemberdes.dll
c:\users\samsung\documents\visual studio 2013\projects\szyfrowanie des\debug\asemberdes.pdb
c:\users\samsung\documents\visual studio 2013\projects\szyfrowanie des\asemberdes\debug\asemberdes.vcxprojresolveassemblyreference.cache
c:\users\samsung\documents\visual studio 2013\projects\szyfrowanie des\asemberdes\debug\asemberdes.tlog\asemberdes.write.1u.tlog
c:\users\samsung\documents\visual studio 2013\projects\szyfrowanie des\asemberdes\debug\asemberdes.tlog\cl.command.1.tlog
c:\users\samsung\documents\visual studio 2013\projects\szyfrowanie des\asemberdes\debug\asemberdes.tlog\cl.read.1.tlog
c:\users\samsung\documents\visual studio 2013\projects\szyfrowanie des\asemberdes\debug\asemberdes.tlog\cl.write.1.tlog
c:\users\samsung\documents\visual studio 2013\projects\szyfrowanie des\asemberdes\debug\asemberdes.tlog\link.command.1.tlog
c:\users\samsung\documents\visual studio 2013\projects\szyfrowanie des\asemberdes\debug\asemberdes.tlog\link.read.1.tlog
c:\users\samsung\documents\visual studio 2013\projects\szyfrowanie des\asemberdes\debug\asemberdes.tlog\link.write.1.tlog
c:\users\samsung\documents\visual studio 2013\projects\szyfrowanie des\asemberdes\debug\asemberdes.tlog\metagen.read.1.tlog
c:\users\samsung\documents\visual studio 2013\projects\szyfrowanie des\asemberdes\debug\asemberdes.tlog\metagen.write.1.tlog
c:\users\samsung\documents\visual studio 2013\projects\szyfrowanie des\asemberdes\debug\asemberdes.tlog\tzres.dll.bi
